Arguments: 
  /usr/local/bin/node /usr/local/bin/yarn add express socket.io

PATH: 
  /usr/local/bin:/usr/bin:/bin:/usr/sbin:/sbin:/usr/local/share/dotnet:~/.dotnet/tools:/Library/Frameworks/Mono.framework/Versions/Current/Commands:/Users/assaf.gannon/Applications/consule-template:/Users/assaf.gannon/Applications/consule-template

Yarn version: 
  1.22.0

Node version: 
  13.11.0

Platform: 
  darwin x64

Trace: 
  Error: unable to get local issuer certificate
      at TLSSocket.onConnectSecure (_tls_wrap.js:1492:34)
      at TLSSocket.emit (events.js:315:20)
      at TLSSocket._finishInit (_tls_wrap.js:935:8)
      at TLSWrap.ssl.onhandshakedone (_tls_wrap.js:693:12)

npm manifest: 
  No manifest

yarn manifest: 
  No manifest

Lockfile: 
  No lockfile
